TN:
SF:lib/tests/test.ts.js
FN:10,(anonymous_0)
FN:11,(anonymous_1)
FN:14,(anonymous_2)
FN:15,(anonymous_3)
FN:18,(anonymous_4)
FN:21,(anonymous_5)
FN:24,(anonymous_6)
FN:27,(anonymous_7)
FN:33,(anonymous_8)
FN:39,(anonymous_9)
FN:43,(anonymous_10)
FN:48,(anonymous_11)
FN:49,(anonymous_12)
FN:53,(anonymous_13)
FN:60,(anonymous_14)
FN:65,(anonymous_15)
FN:69,(anonymous_16)
FN:74,(anonymous_17)
FN:79,(anonymous_18)
FN:83,(anonymous_19)
FN:90,(anonymous_20)
FN:95,(anonymous_21)
FN:100,(anonymous_22)
FN:107,(anonymous_23)
FN:112,(anonymous_24)
FN:117,(anonymous_25)
FN:121,(anonymous_26)
FN:127,(anonymous_27)
FN:128,(anonymous_28)
FN:135,(anonymous_29)
FN:140,(anonymous_30)
FN:146,(anonymous_31)
FN:152,(anonymous_32)
FN:153,(anonymous_33)
FN:156,(anonymous_34)
FNF:35
FNH:29
FNDA:1,(anonymous_0)
FNDA:15,(anonymous_1)
FNDA:1,(anonymous_2)
FNDA:1,(anonymous_3)
FNDA:1,(anonymous_4)
FNDA:1,(anonymous_5)
FNDA:1,(anonymous_6)
FNDA:1,(anonymous_7)
FNDA:1,(anonymous_8)
FNDA:1,(anonymous_9)
FNDA:1,(anonymous_10)
FNDA:1,(anonymous_11)
FNDA:1,(anonymous_12)
FNDA:1,(anonymous_13)
FNDA:0,(anonymous_14)
FNDA:1,(anonymous_15)
FNDA:1,(anonymous_16)
FNDA:0,(anonymous_17)
FNDA:1,(anonymous_18)
FNDA:1,(anonymous_19)
FNDA:0,(anonymous_20)
FNDA:1,(anonymous_21)
FNDA:1,(anonymous_22)
FNDA:0,(anonymous_23)
FNDA:1,(anonymous_24)
FNDA:1,(anonymous_25)
FNDA:0,(anonymous_26)
FNDA:1,(anonymous_27)
FNDA:1,(anonymous_28)
FNDA:1,(anonymous_29)
FNDA:1,(anonymous_30)
FNDA:0,(anonymous_31)
FNDA:1,(anonymous_32)
FNDA:1,(anonymous_33)
FNDA:1,(anonymous_34)
DA:2,1
DA:3,1
DA:4,1
DA:5,1
DA:6,1
DA:8,1
DA:10,1
DA:11,1
DA:12,15
DA:14,1
DA:15,1
DA:16,1
DA:18,1
DA:19,1
DA:21,1
DA:22,1
DA:24,1
DA:25,1
DA:27,1
DA:28,1
DA:31,1
DA:33,1
DA:34,1
DA:37,1
DA:39,1
DA:40,1
DA:41,1
DA:43,1
DA:44,1
DA:45,1
DA:48,1
DA:49,1
DA:50,1
DA:51,1
DA:52,1
DA:54,1
DA:55,1
DA:56,1
DA:57,1
DA:58,1
DA:61,0
DA:62,0
DA:65,1
DA:66,1
DA:67,1
DA:68,1
DA:70,1
DA:71,1
DA:72,1
DA:75,0
DA:76,0
DA:79,1
DA:80,1
DA:81,1
DA:82,1
DA:84,1
DA:85,1
DA:86,1
DA:87,1
DA:88,1
DA:91,0
DA:92,0
DA:95,1
DA:96,1
DA:97,1
DA:98,1
DA:99,1
DA:101,1
DA:102,1
DA:103,1
DA:104,1
DA:105,1
DA:108,0
DA:109,0
DA:112,1
DA:113,1
DA:114,1
DA:115,1
DA:116,1
DA:118,1
DA:119,1
DA:122,0
DA:123,0
DA:127,1
DA:128,1
DA:129,1
DA:135,1
DA:136,1
DA:137,1
DA:138,1
DA:139,1
DA:141,1
DA:142,1
DA:143,1
DA:144,1
DA:147,0
DA:148,0
DA:152,1
DA:153,1
DA:154,1
DA:155,1
DA:156,1
DA:157,1
DA:158,1
DA:159,1
LF:105
LH:93
BRF:0
BRH:0
end_of_record
TN:
SF:src/assets/sitemapper.js
FN:18,_interopRequireDefault
FN:37,(anonymous_7)
FN:60,(anonymous_8)
FN:60,(anonymous_9)
FN:98,(anonymous_10)
FN:109,(anonymous_11)
FN:119,(anonymous_12)
FN:130,(anonymous_13)
FN:139,(anonymous_14)
FN:148,(anonymous_15)
FN:157,(anonymous_16)
FN:166,(anonymous_17)
FN:177,(anonymous_18)
FN:177,(anonymous_19)
FN:252,(anonymous_20)
FN:254,(anonymous_21)
FN:266,(anonymous_22)
FN:266,(anonymous_23)
FN:311,(anonymous_24)
FN:318,(anonymous_25)
FN:330,(anonymous_26)
FN:335,(anonymous_27)
FN:336,(anonymous_28)
FN:342,(anonymous_29)
FN:343,(anonymous_30)
FN:345,(anonymous_31)
FN:346,(anonymous_32)
FN:396,(anonymous_33)
FN:396,(anonymous_34)
FN:420,(anonymous_35)
FN:421,(anonymous_36)
FN:423,(anonymous_37)
FNF:32
FNH:23
FNDA:958,_interopRequireDefault
FNDA:60,(anonymous_7)
FNDA:25,(anonymous_8)
FNDA:25,(anonymous_9)
FNDA:0,(anonymous_10)
FNDA:0,(anonymous_11)
FNDA:0,(anonymous_12)
FNDA:0,(anonymous_13)
FNDA:0,(anonymous_14)
FNDA:0,(anonymous_15)
FNDA:0,(anonymous_16)
FNDA:0,(anonymous_17)
FNDA:47,(anonymous_18)
FNDA:47,(anonymous_19)
FNDA:47,(anonymous_20)
FNDA:3,(anonymous_21)
FNDA:47,(anonymous_22)
FNDA:47,(anonymous_23)
FNDA:16983,(anonymous_24)
FNDA:16983,(anonymous_25)
FNDA:22,(anonymous_26)
FNDA:22,(anonymous_27)
FNDA:22,(anonymous_28)
FNDA:22,(anonymous_29)
FNDA:22,(anonymous_30)
FNDA:22,(anonymous_31)
FNDA:0,(anonymous_32)
FNDA:3,(anonymous_33)
FNDA:3,(anonymous_34)
FNDA:4,(anonymous_35)
FNDA:4,(anonymous_36)
FNDA:4,(anonymous_37)
DA:18,2212
DA:38,60
DA:39,60
DA:60,75
DA:62,25
DA:69,25
DA:76,25
DA:78,25
DA:81,0
DA:86,25
DA:99,0
DA:110,0
DA:120,0
DA:131,0
DA:140,0
DA:149,0
DA:158,0
DA:167,0
DA:177,141
DA:179,47
DA:190,47
DA:192,47
DA:195,47
DA:198,47
DA:201,39
DA:203,0
DA:208,39
DA:215,39
DA:218,39
DA:219,8
DA:254,47
DA:266,141
DA:267,47
DA:268,47
DA:272,55
DA:304,39
DA:306,32
DA:310,32
DA:312,16983
DA:313,0
DA:314,0
DA:316,0
DA:318,16983
DA:319,32
DA:323,7
DA:325,7
DA:329,7
DA:330,22
DA:334,7
DA:335,7
DA:336,22
DA:340,7
DA:341,7
DA:342,22
DA:343,22
DA:344,7
DA:345,22
DA:346,0
DA:348,7
DA:382,0
DA:396,12
DA:397,3
DA:403,3
DA:404,3
DA:405,3
DA:406,3
DA:407,3
DA:409,0
DA:411,3
DA:421,4
DA:422,4
DA:423,4
DA:424,4
LF:73
LH:57
BRDA:18,0,0,127
BRDA:18,0,1,179
BRDA:38,1,0,60
BRDA:38,1,1,49
BRDA:40,2,0,60
BRDA:40,2,1,57
BRDA:42,3,0,60
BRDA:42,3,1,60
BRDA:45,4,0,60
BRDA:45,4,1,60
BRDA:46,5,0,60
BRDA:46,5,1,60
BRDA:60,6,0,25
BRDA:60,6,1,0
BRDA:60,7,0,25
BRDA:60,7,1,25
BRDA:69,8,0,25
BRDA:69,8,1,1
BRDA:69,8,2,0
BRDA:81,9,0,0
BRDA:81,9,1,0
BRDA:88,10,0,25
BRDA:88,10,1,0
BRDA:89,11,0,25
BRDA:89,11,1,0
BRDA:177,12,0,47
BRDA:177,12,1,0
BRDA:177,13,0,47
BRDA:177,13,1,47
BRDA:201,14,0,0
BRDA:201,14,1,39
BRDA:201,15,0,39
BRDA:201,15,1,39
BRDA:208,16,0,4
BRDA:208,16,1,35
BRDA:221,17,0,3
BRDA:221,17,1,5
BRDA:229,18,0,1
BRDA:229,18,1,4
BRDA:266,19,0,0
BRDA:266,19,1,47
BRDA:266,20,0,47
BRDA:266,20,1,0
BRDA:272,21,0,8
BRDA:272,21,1,39
BRDA:275,22,0,0
BRDA:275,22,1,8
BRDA:276,23,0,0
BRDA:276,23,1,0
BRDA:286,24,0,8
BRDA:286,24,1,1
BRDA:304,25,0,32
BRDA:304,25,1,7
BRDA:304,26,0,39
BRDA:304,26,1,39
BRDA:304,26,2,32
BRDA:306,27,0,32
BRDA:306,27,1,0
BRDA:312,28,0,16983
BRDA:312,28,1,0
BRDA:313,29,0,0
BRDA:313,29,1,0
BRDA:318,30,0,16983
BRDA:318,30,1,16983
BRDA:323,31,0,7
BRDA:323,31,1,0
BRDA:323,32,0,7
BRDA:323,32,1,7
BRDA:325,33,0,7
BRDA:325,33,1,0
BRDA:330,34,0,22
BRDA:330,34,1,22
BRDA:355,35,0,0
BRDA:355,35,1,0
BRDA:356,36,0,0
BRDA:356,36,1,0
BRDA:365,37,0,0
BRDA:365,37,1,0
BRDA:375,38,0,0
BRDA:375,38,1,0
BRDA:382,39,0,0
BRDA:382,39,1,0
BRDA:382,39,2,0
BRDA:396,40,0,3
BRDA:396,40,1,0
BRDA:396,41,0,6
BRDA:396,41,1,3
BRDA:424,42,0,0
BRDA:424,42,1,4
BRF:89
BRH:57
end_of_record
TN:
SF:src/tests/test.es5.js
FN:9,(anonymous_0)
FN:11,(anonymous_1)
FN:15,(anonymous_2)
FN:17,(anonymous_3)
FN:21,(anonymous_4)
FN:25,(anonymous_5)
FN:29,(anonymous_6)
FN:33,(anonymous_7)
FN:40,(anonymous_8)
FN:47,(anonymous_9)
FN:52,(anonymous_10)
FN:58,(anonymous_11)
FN:59,(anonymous_12)
FN:63,(anonymous_13)
FN:70,(anonymous_14)
FN:76,(anonymous_15)
FN:80,(anonymous_16)
FN:85,(anonymous_17)
FN:91,(anonymous_18)
FN:95,(anonymous_19)
FN:102,(anonymous_20)
FN:108,(anonymous_21)
FN:113,(anonymous_22)
FN:120,(anonymous_23)
FN:126,(anonymous_24)
FN:131,(anonymous_25)
FN:135,(anonymous_26)
FN:142,(anonymous_27)
FN:143,(anonymous_28)
FN:151,(anonymous_29)
FN:156,(anonymous_30)
FN:162,(anonymous_31)
FN:169,(anonymous_32)
FN:170,(anonymous_33)
FN:173,(anonymous_34)
FNF:35
FNH:29
FNDA:1,(anonymous_0)
FNDA:15,(anonymous_1)
FNDA:1,(anonymous_2)
FNDA:1,(anonymous_3)
FNDA:1,(anonymous_4)
FNDA:1,(anonymous_5)
FNDA:1,(anonymous_6)
FNDA:1,(anonymous_7)
FNDA:1,(anonymous_8)
FNDA:1,(anonymous_9)
FNDA:1,(anonymous_10)
FNDA:1,(anonymous_11)
FNDA:1,(anonymous_12)
FNDA:1,(anonymous_13)
FNDA:0,(anonymous_14)
FNDA:1,(anonymous_15)
FNDA:1,(anonymous_16)
FNDA:0,(anonymous_17)
FNDA:1,(anonymous_18)
FNDA:1,(anonymous_19)
FNDA:0,(anonymous_20)
FNDA:1,(anonymous_21)
FNDA:1,(anonymous_22)
FNDA:0,(anonymous_23)
FNDA:1,(anonymous_24)
FNDA:1,(anonymous_25)
FNDA:0,(anonymous_26)
FNDA:1,(anonymous_27)
FNDA:1,(anonymous_28)
FNDA:1,(anonymous_29)
FNDA:1,(anonymous_30)
FNDA:0,(anonymous_31)
FNDA:1,(anonymous_32)
FNDA:1,(anonymous_33)
FNDA:1,(anonymous_34)
DA:4,1
DA:6,1
DA:11,1
DA:12,15
DA:17,1
DA:18,1
DA:22,1
DA:26,1
DA:30,1
DA:34,1
DA:41,1
DA:48,1
DA:53,1
DA:59,1
DA:60,1
DA:62,1
DA:64,1
DA:71,0
DA:77,1
DA:79,1
DA:81,1
DA:86,0
DA:92,1
DA:94,1
DA:96,1
DA:103,0
DA:109,1
DA:111,1
DA:114,1
DA:121,0
DA:127,1
DA:129,1
DA:132,1
DA:136,0
DA:143,1
DA:144,1
DA:152,1
DA:154,1
DA:157,1
DA:163,0
DA:170,1
DA:171,1
DA:173,1
DA:174,1
LF:44
LH:38
BRF:0
BRH:0
end_of_record
TN:
SF:src/tests/test.js
FN:8,_interopRequireDefault
FN:10,(anonymous_1)
FN:12,(anonymous_2)
FN:16,(anonymous_3)
FN:18,(anonymous_4)
FN:22,(anonymous_5)
FN:26,(anonymous_6)
FN:30,(anonymous_7)
FN:34,(anonymous_8)
FN:41,(anonymous_9)
FN:48,(anonymous_10)
FN:53,(anonymous_11)
FN:59,(anonymous_12)
FN:60,(anonymous_13)
FN:64,(anonymous_14)
FN:71,(anonymous_15)
FN:77,(anonymous_16)
FN:82,(anonymous_17)
FN:90,(anonymous_18)
FN:96,(anonymous_19)
FN:100,(anonymous_20)
FN:107,(anonymous_21)
FN:113,(anonymous_22)
FN:118,(anonymous_23)
FN:125,(anonymous_24)
FN:131,(anonymous_25)
FN:136,(anonymous_26)
FN:142,(anonymous_27)
FN:148,(anonymous_28)
FN:153,(anonymous_29)
FN:158,(anonymous_30)
FN:164,(anonymous_31)
FN:169,(anonymous_32)
FN:174,(anonymous_33)
FN:181,(anonymous_34)
FN:182,(anonymous_35)
FN:190,(anonymous_36)
FN:195,(anonymous_37)
FN:201,(anonymous_38)
FN:207,(anonymous_39)
FN:213,(anonymous_40)
FN:224,(anonymous_41)
FN:230,(anonymous_42)
FN:236,(anonymous_43)
FN:247,(anonymous_44)
FN:254,(anonymous_45)
FN:255,(anonymous_46)
FN:258,(anonymous_47)
FNF:48
FNH:38
FNDA:2,_interopRequireDefault
FNDA:1,(anonymous_1)
FNDA:19,(anonymous_2)
FNDA:1,(anonymous_3)
FNDA:1,(anonymous_4)
FNDA:1,(anonymous_5)
FNDA:1,(anonymous_6)
FNDA:1,(anonymous_7)
FNDA:1,(anonymous_8)
FNDA:1,(anonymous_9)
FNDA:1,(anonymous_10)
FNDA:1,(anonymous_11)
FNDA:1,(anonymous_12)
FNDA:1,(anonymous_13)
FNDA:1,(anonymous_14)
FNDA:0,(anonymous_15)
FNDA:1,(anonymous_16)
FNDA:1,(anonymous_17)
FNDA:0,(anonymous_18)
FNDA:1,(anonymous_19)
FNDA:1,(anonymous_20)
FNDA:0,(anonymous_21)
FNDA:1,(anonymous_22)
FNDA:1,(anonymous_23)
FNDA:0,(anonymous_24)
FNDA:1,(anonymous_25)
FNDA:1,(anonymous_26)
FNDA:0,(anonymous_27)
FNDA:1,(anonymous_28)
FNDA:1,(anonymous_29)
FNDA:0,(anonymous_30)
FNDA:1,(anonymous_31)
FNDA:1,(anonymous_32)
FNDA:0,(anonymous_33)
FNDA:1,(anonymous_34)
FNDA:3,(anonymous_35)
FNDA:1,(anonymous_36)
FNDA:1,(anonymous_37)
FNDA:0,(anonymous_38)
FNDA:1,(anonymous_39)
FNDA:1,(anonymous_40)
FNDA:0,(anonymous_41)
FNDA:1,(anonymous_42)
FNDA:1,(anonymous_43)
FNDA:0,(anonymous_44)
FNDA:1,(anonymous_45)
FNDA:1,(anonymous_46)
FNDA:1,(anonymous_47)
DA:8,5
DA:12,1
DA:13,19
DA:18,1
DA:19,1
DA:23,1
DA:27,1
DA:31,1
DA:35,1
DA:42,1
DA:49,1
DA:54,1
DA:60,1
DA:61,1
DA:63,1
DA:65,1
DA:72,0
DA:78,1
DA:80,1
DA:83,1
DA:91,0
DA:97,1
DA:99,1
DA:101,1
DA:108,0
DA:114,1
DA:116,1
DA:119,1
DA:126,0
DA:132,1
DA:134,1
DA:137,1
DA:143,0
DA:149,1
DA:151,1
DA:154,1
DA:159,0
DA:165,1
DA:167,1
DA:170,1
DA:175,0
DA:182,1
DA:183,3
DA:191,1
DA:193,1
DA:196,1
DA:202,0
DA:208,1
DA:210,1
DA:214,1
DA:225,0
DA:231,1
DA:233,1
DA:237,1
DA:248,0
DA:255,1
DA:256,1
DA:258,1
DA:259,1
LF:59
LH:49
BRDA:8,0,0,2
BRDA:8,0,1,4
BRF:2
BRH:2
end_of_record
